<?xml version="1.0" encoding="UTF-8"?>
<testng-results skipped="0" failed="0" ignored="0" total="1" passed="1">
  <reporter-output>
  </reporter-output>
  <suite name="Default suite" duration-ms="4918" started-at="2018-06-24T15:52:58Z" finished-at="2018-06-24T15:53:02Z">
    <groups>
    </groups>
    <test name="Default test" duration-ms="4918" started-at="2018-06-24T15:52:58Z" finished-at="2018-06-24T15:53:02Z">
      <class name="rest.service.Service">
        <test-method status="PASS" signature="test()[pri:0, instance:rest.service.Service@724af044]" name="test" duration-ms="4858" started-at="2018-06-24T21:22:58Z" finished-at="2018-06-24T21:23:02Z">
          <reporter-output>
          </reporter-output>
        </test-method> <!-- test -->
      </class> <!-- rest.service.Service -->
    </test> <!-- Default test -->
  </suite> <!-- Default suite -->
</testng-results>
